<?xml version="1.0" encoding="UTF-8"?>
<testsuite xmlns:xsi="http://www.w3.org/2001/XMLSchema-instance" xsi:noNamespaceSchemaLocation="https://maven.apache.org/surefire/maven-surefire-plugin/xsd/surefire-test-report.xsd" name="com.hackerrank.orm.SpringBootORMTests" time="28.88" tests="8" errors="8" skipped="0" failures="0">
  <properties>
[...]
</properties>
  <testcase name="testGetByParams" classname="com.hackerrank.orm.SpringBootORMTests" time="3.463">
    <error message="class java.lang.Double cannot be cast to class java.lang.String (java.lang.Double and java.lang.String are in module java.base of loader &apos;bootstrap&apos;)" type="java.lang.ClassCastException">java.lang.ClassCastException: class java.lang.Double cannot be cast to class java.lang.String (java.lang.Double and java.lang.String are in module java.base of loader 'bootstrap')
	at com.hackerrank.orm.SpringBootORMTests.setup(SpringBootORMTests.java:62)
</error>
    <system-out><![CDATA[15:13:28.704 [main] DEBUG org.springframework.test.context.BootstrapUtils - Instantiating CacheAwareContextLoaderDelegate from class [org.springframework.test.context.cache.DefaultCacheAwareContextLoaderDelegate]
15:13:28.726 [main] DEBUG org.springframework.test.context.BootstrapUtils - Instantiating BootstrapContext using constructor [public org.springframework.test.context.support.DefaultBootstrapContext(java.lang.Class,org.springframework.test.context.CacheAwareContextLoaderDelegate)]
15:13:28.813 [main] DEBUG org.springframework.test.context.BootstrapUtils - Instantiating TestContextBootstrapper for test class [com.hackerrank.orm.SpringBootORMTests] from class [org.springframework.boot.test.context.SpringBootTestContextBootstrapper]
15:13:28.834 [main] INFO org.springframework.boot.test.context.SpringBootTestContextBootstrapper - Neither @ContextConfiguration nor @ContextHierarchy found for test class [com.hackerrank.orm.SpringBootORMTests], using SpringBootContextLoader
15:13:28.841 [main] DEBUG org.springframework.test.context.support.AbstractContextLoader - Did not detect default resource location for test class [com.hackerrank.orm.SpringBootORMTests]: class path resource [com/hackerrank/orm/SpringBootORMTests-context.xml] does not exist
15:13:28.842 [main] DEBUG org.springframework.test.context.support.AbstractContextLoader - Did not detect default resource location for test class [com.hackerrank.orm.SpringBootORMTests]: class path resource [com/hackerrank/orm/SpringBootORMTestsContext.groovy] does not exist
15:13:28.842 [main] INFO org.springframework.test.context.support.AbstractContextLoader - Could not detect default resource locations for test class [com.hackerrank.orm.SpringBootORMTests]: no resource found for suffixes {-context.xml, Context.groovy}.
15:13:28.843 [main] INFO org.springframework.test.context.support.AnnotationConfigContextLoaderUtils - Could not detect default configuration classes for test class [com.hackerrank.orm.SpringBootORMTests]: SpringBootORMTests does not declare any static, non-private, non-final, nested classes annotated with @Configuration.
15:13:28.958 [main] DEBUG org.springframework.test.context.support.ActiveProfilesUtils - Could not find an 'annotation declaring class' for annotation type [org.springframework.test.context.ActiveProfiles] and class [com.hackerrank.orm.SpringBootORMTests]
15:13:29.058 [main] DEBUG org.springframework.context.annotation.ClassPathScanningCandidateComponentProvider - Identified candidate component class: file [/Users/faizal/Documents/OLD LAP/Documents/Workspace/hack-service/target/classes/com/hackerrank/orm/Application.class]
15:13:29.064 [main] INFO org.springframework.boot.test.context.SpringBootTestContextBootstrapper - Found @SpringBootConfiguration com.hackerrank.orm.Application for test class com.hackerrank.orm.SpringBootORMTests
15:13:29.189 [main] DEBUG org.springframework.boot.test.context.SpringBootTestContextBootstrapper - @TestExecutionListeners is not present for class [com.hackerrank.orm.SpringBootORMTests]: using defaults.
15:13:29.190 [main] INFO org.springframework.boot.test.context.SpringBootTestContextBootstrapper - Loaded default TestExecutionListener class names from location [META-INF/spring.factories]: [org.springframework.boot.test.mock.mockito.MockitoTestExecutionListener, org.springframework.boot.test.mock.mockito.ResetMocksTestExecutionListener, org.springframework.boot.test.autoconfigure.restdocs.RestDocsTestExecutionListener, org.springframework.boot.test.autoconfigure.web.client.MockRestServiceServerResetTestExecutionListener, org.springframework.boot.test.autoconfigure.web.servlet.MockMvcPrintOnlyOnFailureTestExecutionListener, org.springframework.boot.test.autoconfigure.web.servlet.WebDriverTestExecutionListener, org.springframework.test.context.web.ServletTestExecutionListener, org.springframework.test.context.support.DirtiesContextBeforeModesTestExecutionListener, org.springframework.test.context.support.DependencyInjectionTestExecutionListener, org.springframework.test.context.support.DirtiesContextTestExecutionListener, org.springframework.test.context.transaction.TransactionalTestExecutionListener, org.springframework.test.context.jdbc.SqlScriptsTestExecutionListener, org.springframework.test.context.event.EventPublishingTestExecutionListener]
15:13:29.207 [main] INFO org.springframework.boot.test.context.SpringBootTestContextBootstrapper - Using TestExecutionListeners: [org.springframework.test.context.web.ServletTestExecutionListener@48a12036, org.springframework.test.context.support.DirtiesContextBeforeModesTestExecutionListener@bf1ec20, org.springframework.boot.test.mock.mockito.MockitoTestExecutionListener@70efb718, org.springframework.boot.test.autoconfigure.SpringBootDependencyInjectionTestExecutionListener@b70da4c, org.springframework.test.context.support.DirtiesContextTestExecutionListener@4a11eb84, org.springframework.test.context.transaction.TransactionalTestExecutionListener@4e858e0a, org.springframework.test.context.jdbc.SqlScriptsTestExecutionListener@435fb7b5, org.springframework.test.context.event.EventPublishingTestExecutionListener@4e70a728, org.springframework.boot.test.mock.mockito.ResetMocksTestExecutionListener@b7838a9, org.springframework.boot.test.autoconfigure.restdocs.RestDocsTestExecutionListener@696f0212, org.springframework.boot.test.autoconfigure.web.client.MockRestServiceServerResetTestExecutionListener@5733f295, org.springframework.boot.test.autoconfigure.web.servlet.MockMvcPrintOnlyOnFailureTestExecutionListener@1c3146bc, org.springframework.boot.test.autoconfigure.web.servlet.WebDriverTestExecutionListener@56c698e3]
15:13:29.223 [main] DEBUG org.springframework.test.context.support.AbstractDirtiesContextTestExecutionListener - Before test class: context [DefaultTestContext@3f07b12c testClass = SpringBootORMTests, testInstance = [null], testMethod = [null], testException = [null], mergedContextConfiguration = [WebMergedContextConfiguration@4bd1f8dd testClass = SpringBootORMTests, locations = '{}', classes = '{class com.hackerrank.orm.Application}', contextInitializerClasses = '[]', activeProfiles = '{}', propertySourceLocations = '{}', propertySourceProperties = '{org.springframework.boot.test.context.SpringBootTestContextBootstrapper=true}', contextCustomizers = set[[ImportsContextCustomizer@7096b474 key = [org.springframework.boot.test.autoconfigure.web.servlet.MockMvcAutoConfiguration, org.springframework.boot.test.autoconfigure.web.servlet.MockMvcWebClientAutoConfiguration, org.springframework.boot.test.autoconfigure.web.servlet.MockMvcWebDriverAutoConfiguration, org.springframework.boot.autoconfigure.security.servlet.SecurityAutoConfiguration, org.springframework.boot.autoconfigure.security.servlet.UserDetailsServiceAutoConfiguration, org.springframework.boot.test.autoconfigure.web.servlet.MockMvcSecurityConfiguration]], org.springframework.boot.test.context.filter.ExcludeFilterContextCustomizer@68034211, org.springframework.boot.test.json.DuplicateJsonObjectContextCustomizerFactory$DuplicateJsonObjectContextCustomizer@58594a11, org.springframework.boot.test.mock.mockito.MockitoContextCustomizer@0, org.springframework.boot.test.web.client.TestRestTemplateContextCustomizer@67b9b51a, org.springframework.boot.test.autoconfigure.properties.PropertyMappingContextCustomizer@4b3fa0b3, org.springframework.boot.test.autoconfigure.web.servlet.WebDriverContextCustomizerFactory$Customizer@198d6542], resourceBasePath = 'src/main/webapp', contextLoader = 'org.springframework.boot.test.context.SpringBootContextLoader', parent = [null]], attributes = map['org.springframework.test.context.web.ServletTestExecutionListener.activateListener' -> true]], class annotated with @DirtiesContext [true] with mode [BEFORE_EACH_TEST_METHOD].
15:13:29.295 [main] DEBUG org.springframework.test.context.support.TestPropertySourceUtils - Adding inlined properties to environment: {spring.jmx.enabled=false, org.springframework.boot.test.context.SpringBootTestContextBootstrapper=true, server.port=-1}

  .   ____          _            __ _ _
 /\\ / ___'_ __ _ _(_)_ __  __ _ \ \ \ \
( ( )\___ | '_ | '_| | '_ \/ _` | \ \ \ \
 \\/  ___)| |_)| | | | | || (_| |  ) ) ) )
  '  |____| .__|_| |_|_| |_\__, | / / / /
 =========|_|==============|___/=/_/_/_/
 :: Spring Boot ::        (v2.2.1.RELEASE)

2021-10-20 15:13:30.733  INFO 23510 --- [           main] com.hackerrank.orm.SpringBootORMTests    : Starting SpringBootORMTests on Faizals-MacBook-Air.local with PID 23510 (started by faizal in /Users/faizal/Documents/OLD LAP/Documents/Workspace/hack-service)
2021-10-20 15:13:30.736  INFO 23510 --- [           main] com.hackerrank.orm.SpringBootORMTests    : No active profile set, falling back to default profiles: default
2021-10-20 15:13:32.977  INFO 23510 --- [           main] .s.d.r.c.RepositoryConfigurationDelegate : Bootstrapping Spring Data repositories in DEFAULT mode.
2021-10-20 15:13:33.219  INFO 23510 --- [           main] .s.d.r.c.RepositoryConfigurationDelegate : Finished Spring Data repository scanning in 229ms. Found 1 repository interfaces.
2021-10-20 15:13:34.176  INFO 23510 --- [           main] trationDelegate$BeanPostProcessorChecker : Bean 'org.springframework.transaction.annotation.ProxyTransactionManagementConfiguration' of type [org.springframework.transaction.annotation.ProxyTransactionManagementConfiguration] is not eligible for getting processed by all BeanPostProcessors (for example: not eligible for auto-proxying)
2021-10-20 15:13:34.700  INFO 23510 --- [           main] com.zaxxer.hikari.HikariDataSource       : HikariPool-1 - Starting...
2021-10-20 15:13:34.978  INFO 23510 --- [           main] com.zaxxer.hikari.HikariDataSource       : HikariPool-1 - Start completed.
2021-10-20 15:13:35.168  INFO 23510 --- [           main] o.hibernate.jpa.internal.util.LogHelper  : HHH000204: Processing PersistenceUnitInfo [name: default]
2021-10-20 15:13:35.267  INFO 23510 --- [           main] org.hibernate.Version                    : HHH000412: Hibernate Core {5.4.8.Final}
2021-10-20 15:13:35.441  INFO 23510 --- [           main] o.hibernate.annotations.common.Version   : HCANN000001: Hibernate Commons Annotations {5.1.0.Final}
2021-10-20 15:13:35.610  INFO 23510 --- [           main] org.hibernate.dialect.Dialect            : HHH000400: Using dialect: org.hibernate.dialect.H2Dialect
2021-10-20 15:13:36.617  INFO 23510 --- [           main] o.h.e.t.j.p.i.JtaPlatformInitiator       : HHH000490: Using JtaPlatform implementation: [org.hibernate.engine.transaction.jta.platform.internal.NoJtaPlatform]
2021-10-20 15:13:36.626  INFO 23510 --- [           main] j.LocalContainerEntityManagerFactoryBean : Initialized JPA EntityManagerFactory for persistence unit 'default'
2021-10-20 15:13:37.000  WARN 23510 --- [           main] JpaBaseConfiguration$JpaWebConfiguration : spring.jpa.open-in-view is enabled by default. Therefore, database queries may be performed during view rendering. Explicitly configure spring.jpa.open-in-view to disable this warning
2021-10-20 15:13:38.913  INFO 23510 --- [           main] .s.s.UserDetailsServiceAutoConfiguration : 

Using generated security password: c8cd03b7-5e69-4122-9f6b-3b7145ba3f78

2021-10-20 15:13:39.167  INFO 23510 --- [           main] o.s.s.web.DefaultSecurityFilterChain     : Creating filter chain: org.springframework.boot.actuate.autoconfigure.security.servlet.EndpointRequest$EndpointRequestMatcher@1f1c7fde, [org.springframework.security.web.context.request.async.WebAsyncManagerIntegrationFilter@2b409174, org.springframework.security.web.context.SecurityContextPersistenceFilter@688efeb2, org.springframework.security.web.header.HeaderWriterFilter@20e41f13, org.springframework.security.web.csrf.CsrfFilter@6b2efcae, org.springframework.security.web.authentication.logout.LogoutFilter@af96ac9, org.springframework.security.web.savedrequest.RequestCacheAwareFilter@394331a8, org.springframework.security.web.servletapi.SecurityContextHolderAwareRequestFilter@248b2091, org.springframework.security.web.authentication.AnonymousAuthenticationFilter@11939a9f, org.springframework.security.web.session.SessionManagementFilter@510e6b93, org.springframework.security.web.access.ExceptionTranslationFilter@478cebdb, org.springframework.security.web.access.intercept.FilterSecurityInterceptor@7eea934d]
2021-10-20 15:13:40.191  INFO 23510 --- [           main] o.s.s.concurrent.ThreadPoolTaskExecutor  : Initializing ExecutorService 'applicationTaskExecutor'
2021-10-20 15:13:42.005  INFO 23510 --- [           main] o.s.b.t.m.w.SpringBootMockServletContext : Initializing Spring TestDispatcherServlet ''
2021-10-20 15:13:42.005  INFO 23510 --- [           main] o.s.t.web.servlet.TestDispatcherServlet  : Initializing Servlet ''
2021-10-20 15:13:42.045  INFO 23510 --- [           main] o.s.b.a.e.web.EndpointLinksResolver      : Exposing 2 endpoint(s) beneath base path '/actuator'
2021-10-20 15:13:42.132  INFO 23510 --- [           main] o.s.t.web.servlet.TestDispatcherServlet  : Completed initialization in 127 ms
2021-10-20 15:13:42.229  INFO 23510 --- [           main] com.hackerrank.orm.SpringBootORMTests    : Started SpringBootORMTests in 12.914 seconds (JVM running for 15.215)
2021-10-20 15:13:42.405  INFO 23510 --- [           main] o.s.s.concurrent.ThreadPoolTaskExecutor  : Shutting down ExecutorService 'applicationTaskExecutor'
2021-10-20 15:13:42.408  INFO 23510 --- [           main] j.LocalContainerEntityManagerFactoryBean : Closing JPA EntityManagerFactory for persistence unit 'default'
2021-10-20 15:13:42.412  INFO 23510 --- [           main] .SchemaDropperImpl$DelayedDropActionImpl : HHH000477: Starting delayed evictData of schema as part of SessionFactory shut-down'
2021-10-20 15:13:42.430  INFO 23510 --- [           main] com.zaxxer.hikari.HikariDataSource       : HikariPool-1 - Shutdown initiated...
2021-10-20 15:13:42.442  INFO 23510 --- [           main] com.zaxxer.hikari.HikariDataSource       : HikariPool-1 - Shutdown completed.

  .   ____          _            __ _ _
 /\\ / ___'_ __ _ _(_)_ __  __ _ \ \ \ \
( ( )\___ | '_ | '_| | '_ \/ _` | \ \ \ \
 \\/  ___)| |_)| | | | | || (_| |  ) ) ) )
  '  |____| .__|_| |_|_| |_\__, | / / / /
 =========|_|==============|___/=/_/_/_/
 :: Spring Boot ::        (v2.2.1.RELEASE)

2021-10-20 15:13:42.577  INFO 23510 --- [           main] com.hackerrank.orm.SpringBootORMTests    : Starting SpringBootORMTests on Faizals-MacBook-Air.local with PID 23510 (started by faizal in /Users/faizal/Documents/OLD LAP/Documents/Workspace/hack-service)
2021-10-20 15:13:42.579  INFO 23510 --- [           main] com.hackerrank.orm.SpringBootORMTests    : No active profile set, falling back to default profiles: default
2021-10-20 15:13:43.182  INFO 23510 --- [           main] .s.d.r.c.RepositoryConfigurationDelegate : Bootstrapping Spring Data repositories in DEFAULT mode.
2021-10-20 15:13:43.205  INFO 23510 --- [           main] .s.d.r.c.RepositoryConfigurationDelegate : Finished Spring Data repository scanning in 20ms. Found 1 repository interfaces.
2021-10-20 15:13:43.372  INFO 23510 --- [           main] trationDelegate$BeanPostProcessorChecker : Bean 'org.springframework.transaction.annotation.ProxyTransactionManagementConfiguration' of type [org.springframework.transaction.annotation.ProxyTransactionManagementConfiguration] is not eligible for getting processed by all BeanPostProcessors (for example: not eligible for auto-proxying)
2021-10-20 15:13:43.489  INFO 23510 --- [           main] com.zaxxer.hikari.HikariDataSource       : HikariPool-2 - Starting...
2021-10-20 15:13:43.494  INFO 23510 --- [           main] com.zaxxer.hikari.HikariDataSource       : HikariPool-2 - Start completed.
2021-10-20 15:13:43.512  INFO 23510 --- [           main] o.hibernate.jpa.internal.util.LogHelper  : HHH000204: Processing PersistenceUnitInfo [name: default]
2021-10-20 15:13:43.531  INFO 23510 --- [           main] org.hibernate.dialect.Dialect            : HHH000400: Using dialect: org.hibernate.dialect.H2Dialect
2021-10-20 15:13:43.670  INFO 23510 --- [           main] o.h.e.t.j.p.i.JtaPlatformInitiator       : HHH000490: Using JtaPlatform implementation: [org.hibernate.engine.transaction.jta.platform.internal.NoJtaPlatform]
2021-10-20 15:13:43.671  INFO 23510 --- [           main] j.LocalContainerEntityManagerFactoryBean : Initialized JPA EntityManagerFactory for persistence unit 'default'
2021-10-20 15:13:43.736  WARN 23510 --- [           main] JpaBaseConfiguration$JpaWebConfiguration : spring.jpa.open-in-view is enabled by default. Therefore, database queries may be performed during view rendering. Explicitly configure spring.jpa.open-in-view to disable this warning
2021-10-20 15:13:44.234  INFO 23510 --- [           main] .s.s.UserDetailsServiceAutoConfiguration : 

Using generated security password: 973b948d-cbdc-4654-bc8a-84a5bbe855d0

2021-10-20 15:13:44.347  INFO 23510 --- [           main] o.s.s.web.DefaultSecurityFilterChain     : Creating filter chain: org.springframework.boot.actuate.autoconfigure.security.servlet.EndpointRequest$EndpointRequestMatcher@4a84beb7, [org.springframework.security.web.context.request.async.WebAsyncManagerIntegrationFilter@72924f19, org.springframework.security.web.context.SecurityContextPersistenceFilter@42bbd21c, org.springframework.security.web.header.HeaderWriterFilter@1ddc5857, org.springframework.security.web.csrf.CsrfFilter@159a32a4, org.springframework.security.web.authentication.logout.LogoutFilter@34ac72c3, org.springframework.security.web.savedrequest.RequestCacheAwareFilter@57f1fbae, org.springframework.security.web.servletapi.SecurityContextHolderAwareRequestFilter@28901fe7, org.springframework.security.web.authentication.AnonymousAuthenticationFilter@46c093b4, org.springframework.security.web.session.SessionManagementFilter@6f0df74, org.springframework.security.web.access.ExceptionTranslationFilter@4ceb368b, org.springframework.security.web.access.intercept.FilterSecurityInterceptor@606d2a92]
2021-10-20 15:13:44.662  INFO 23510 --- [           main] o.s.s.concurrent.ThreadPoolTaskExecutor  : Initializing ExecutorService 'applicationTaskExecutor'
2021-10-20 15:13:45.088  INFO 23510 --- [           main] o.s.b.t.m.w.SpringBootMockServletContext : Initializing Spring TestDispatcherServlet ''
2021-10-20 15:13:45.088  INFO 23510 --- [           main] o.s.t.web.servlet.TestDispatcherServlet  : Initializing Servlet ''
2021-10-20 15:13:45.096  INFO 23510 --- [           main] o.s.b.a.e.web.EndpointLinksResolver      : Exposing 2 endpoint(s) beneath base path '/actuator'
2021-10-20 15:13:45.122  INFO 23510 --- [           main] o.s.t.web.servlet.TestDispatcherServlet  : Completed initialization in 34 ms
2021-10-20 15:13:45.175  INFO 23510 --- [           main] com.hackerrank.orm.SpringBootORMTests    : Started SpringBootORMTests in 2.721 seconds (JVM running for 18.162)

MockHttpServletRequest:
      HTTP Method = POST
      Request URI = /app/item
       Parameters = {}
          Headers = [Content-Type:"application/json;charset=UTF-8"]
             Body = {"itemName":"item1","itemEnteredByUser":"user1","itemBuyingPrice":50.0,"itemSellingPrice":55.0}
    Session Attrs = {}

Handler:
             Type = com.hackerrank.orm.controller.ItemController
           Method = com.hackerrank.orm.controller.ItemController#saveItem(Item)

Async:
    Async started = false
     Async result = null

Resolved Exception:
             Type = null

ModelAndView:
        View name = null
             View = null
            Model = null

FlashMap:
       Attributes = null

MockHttpServletResponse:
           Status = 201
    Error message = null
          Headers = [Content-Type:"application/json"]
     Content type = application/json
             Body = {"itemId":1,"itemName":"item1","itemEnteredByUser":"user1","itemEnteredDate":"2021-10-20T19:13:45.737+0000","itemBuyingPrice":50.0,"itemSellingPrice":55.0,"itemLastModifiedDate":"2021-10-20T19:13:45.672+0000","itemLastModifiedByUser":null,"itemStatus":"AVAILABLE"}
    Forwarded URL = null
   Redirected URL = null
          Cookies = []

MockHttpServletRequest:
      HTTP Method = POST
      Request URI = /app/item
       Parameters = {}
          Headers = [Content-Type:"application/json;charset=UTF-8"]
             Body = {"itemName":"item1","itemEnteredByUser":"user1","itemBuyingPrice":50.0,"itemSellingPrice":55.0}
    Session Attrs = {}

Handler:
             Type = com.hackerrank.orm.controller.ItemController
           Method = com.hackerrank.orm.controller.ItemController#saveItem(Item)

Async:
    Async started = false
     Async result = null

Resolved Exception:
             Type = null

ModelAndView:
        View name = null
             View = null
            Model = null

FlashMap:
       Attributes = null

MockHttpServletResponse:
           Status = 201
    Error message = null
          Headers = [Content-Type:"application/json"]
     Content type = application/json
             Body = {"itemId":1,"itemName":"item1","itemEnteredByUser":"user1","itemEnteredDate":"2021-10-20T19:13:45.737+0000","itemBuyingPrice":50.0,"itemSellingPrice":55.0,"itemLastModifiedDate":"2021-10-20T19:13:45.672+0000","itemLastModifiedByUser":null,"itemStatus":"AVAILABLE"}
    Forwarded URL = null
   Redirected URL = null
          Cookies = []
]]></system-out>
  </testcase>
  <testcase name="testGetPaginationAndSorting" classname="com.hackerrank.orm.SpringBootORMTests" time="2.118">
    <error message="class java.lang.Double cannot be cast to class java.lang.String (java.lang.Double and java.lang.String are in module java.base of loader &apos;bootstrap&apos;)" type="java.lang.ClassCastException">java.lang.ClassCastException: class java.lang.Double cannot be cast to class java.lang.String (java.lang.Double and java.lang.String are in module java.base of loader 'bootstrap')
	at com.hackerrank.orm.SpringBootORMTests.setup(SpringBootORMTests.java:62)
</error>
    <system-out><![CDATA[2021-10-20 15:13:45.866  INFO 23510 --- [           main] o.s.s.concurrent.ThreadPoolTaskExecutor  : Shutting down ExecutorService 'applicationTaskExecutor'
2021-10-20 15:13:45.867  INFO 23510 --- [           main] j.LocalContainerEntityManagerFactoryBean : Closing JPA EntityManagerFactory for persistence unit 'default'
2021-10-20 15:13:45.868  INFO 23510 --- [           main] .SchemaDropperImpl$DelayedDropActionImpl : HHH000477: Starting delayed evictData of schema as part of SessionFactory shut-down'
2021-10-20 15:13:45.872  INFO 23510 --- [           main] com.zaxxer.hikari.HikariDataSource       : HikariPool-2 - Shutdown initiated...
2021-10-20 15:13:45.882  INFO 23510 --- [           main] com.zaxxer.hikari.HikariDataSource       : HikariPool-2 - Shutdown completed.

  .   ____          _            __ _ _
 /\\ / ___'_ __ _ _(_)_ __  __ _ \ \ \ \
( ( )\___ | '_ | '_| | '_ \/ _` | \ \ \ \
 \\/  ___)| |_)| | | | | || (_| |  ) ) ) )
  '  |____| .__|_| |_|_| |_\__, | / / / /
 =========|_|==============|___/=/_/_/_/
 :: Spring Boot ::        (v2.2.1.RELEASE)

2021-10-20 15:13:45.950  INFO 23510 --- [           main] com.hackerrank.orm.SpringBootORMTests    : Starting SpringBootORMTests on Faizals-MacBook-Air.local with PID 23510 (started by faizal in /Users/faizal/Documents/OLD LAP/Documents/Workspace/hack-service)
2021-10-20 15:13:45.951  INFO 23510 --- [           main] com.hackerrank.orm.SpringBootORMTests    : No active profile set, falling back to default profiles: default
2021-10-20 15:13:46.363  INFO 23510 --- [           main] .s.d.r.c.RepositoryConfigurationDelegate : Bootstrapping Spring Data repositories in DEFAULT mode.
2021-10-20 15:13:46.377  INFO 23510 --- [           main] .s.d.r.c.RepositoryConfigurationDelegate : Finished Spring Data repository scanning in 13ms. Found 1 repository interfaces.
2021-10-20 15:13:46.535  INFO 23510 --- [           main] trationDelegate$BeanPostProcessorChecker : Bean 'org.springframework.transaction.annotation.ProxyTransactionManagementConfiguration' of type [org.springframework.transaction.annotation.ProxyTransactionManagementConfiguration] is not eligible for getting processed by all BeanPostProcessors (for example: not eligible for auto-proxying)
2021-10-20 15:13:46.618  INFO 23510 --- [           main] com.zaxxer.hikari.HikariDataSource       : HikariPool-3 - Starting...
2021-10-20 15:13:46.626  INFO 23510 --- [           main] com.zaxxer.hikari.HikariDataSource       : HikariPool-3 - Start completed.
2021-10-20 15:13:46.645  INFO 23510 --- [           main] o.hibernate.jpa.internal.util.LogHelper  : HHH000204: Processing PersistenceUnitInfo [name: default]
2021-10-20 15:13:46.655  INFO 23510 --- [           main] org.hibernate.dialect.Dialect            : HHH000400: Using dialect: org.hibernate.dialect.H2Dialect
2021-10-20 15:13:46.781  INFO 23510 --- [           main] o.h.e.t.j.p.i.JtaPlatformInitiator       : HHH000490: Using JtaPlatform implementation: [org.hibernate.engine.transaction.jta.platform.internal.NoJtaPlatform]
2021-10-20 15:13:46.782  INFO 23510 --- [           main] j.LocalContainerEntityManagerFactoryBean : Initialized JPA EntityManagerFactory for persistence unit 'default'
2021-10-20 15:13:46.836  WARN 23510 --- [           main] JpaBaseConfiguration$JpaWebConfiguration : spring.jpa.open-in-view is enabled by default. Therefore, database queries may be performed during view rendering. Explicitly configure spring.jpa.open-in-view to disable this warning
2021-10-20 15:13:47.037  INFO 23510 --- [           main] .s.s.UserDetailsServiceAutoConfiguration : 

Using generated security password: 54a0daf7-1e85-4a2a-bb27-333ed5aeb4fb

2021-10-20 15:13:47.097  INFO 23510 --- [           main] o.s.s.web.DefaultSecurityFilterChain     : Creating filter chain: org.springframework.boot.actuate.autoconfigure.security.servlet.EndpointRequest$EndpointRequestMatcher@17d6b6e, [org.springframework.security.web.context.request.async.WebAsyncManagerIntegrationFilter@5c452e69, org.springframework.security.web.context.SecurityContextPersistenceFilter@33ea437a, org.springframework.security.web.header.HeaderWriterFilter@cc81cb3, org.springframework.security.web.csrf.CsrfFilter@48306567, org.springframework.security.web.authentication.logout.LogoutFilter@333afc53, org.springframework.security.web.savedrequest.RequestCacheAwareFilter@360b6ea1, org.springframework.security.web.servletapi.SecurityContextHolderAwareRequestFilter@7aead157, org.springframework.security.web.authentication.AnonymousAuthenticationFilter@5c519681, org.springframework.security.web.session.SessionManagementFilter@78ba0a57, org.springframework.security.web.access.ExceptionTranslationFilter@5d5b07e9, org.springframework.security.web.access.intercept.FilterSecurityInterceptor@10522dfd]
2021-10-20 15:13:47.382  INFO 23510 --- [           main] o.s.s.concurrent.ThreadPoolTaskExecutor  : Initializing ExecutorService 'applicationTaskExecutor'
2021-10-20 15:13:47.792  INFO 23510 --- [           main] o.s.b.t.m.w.SpringBootMockServletContext : Initializing Spring TestDispatcherServlet ''
2021-10-20 15:13:47.793  INFO 23510 --- [           main] o.s.t.web.servlet.TestDispatcherServlet  : Initializing Servlet ''
2021-10-20 15:13:47.811  INFO 23510 --- [           main] o.s.b.a.e.web.EndpointLinksResolver      : Exposing 2 endpoint(s) beneath base path '/actuator'
2021-10-20 15:13:47.842  INFO 23510 --- [           main] o.s.t.web.servlet.TestDispatcherServlet  : Completed initialization in 49 ms
2021-10-20 15:13:47.887  INFO 23510 --- [           main] com.hackerrank.orm.SpringBootORMTests    : Started SpringBootORMTests in 1.998 seconds (JVM running for 20.873)

MockHttpServletRequest:
      HTTP Method = POST
      Request URI = /app/item
       Parameters = {}
          Headers = [Content-Type:"application/json;charset=UTF-8"]
             Body = {"itemName":"item1","itemEnteredByUser":"user1","itemBuyingPrice":50.0,"itemSellingPrice":55.0}
    Session Attrs = {}

Handler:
             Type = com.hackerrank.orm.controller.ItemController
           Method = com.hackerrank.orm.controller.ItemController#saveItem(Item)

Async:
    Async started = false
     Async result = null

Resolved Exception:
             Type = null

ModelAndView:
        View name = null
             View = null
            Model = null

FlashMap:
       Attributes = null

MockHttpServletResponse:
           Status = 201
    Error message = null
          Headers = [Content-Type:"application/json"]
     Content type = application/json
             Body = {"itemId":1,"itemName":"item1","itemEnteredByUser":"user1","itemEnteredDate":"2021-10-20T19:13:47.948+0000","itemBuyingPrice":50.0,"itemSellingPrice":55.0,"itemLastModifiedDate":"2021-10-20T19:13:47.942+0000","itemLastModifiedByUser":null,"itemStatus":"AVAILABLE"}
    Forwarded URL = null
   Redirected URL = null
          Cookies = []

MockHttpServletRequest:
      HTTP Method = POST
      Request URI = /app/item
       Parameters = {}
          Headers = [Content-Type:"application/json;charset=UTF-8"]
             Body = {"itemName":"item1","itemEnteredByUser":"user1","itemBuyingPrice":50.0,"itemSellingPrice":55.0}
    Session Attrs = {}

Handler:
             Type = com.hackerrank.orm.controller.ItemController
           Method = com.hackerrank.orm.controller.ItemController#saveItem(Item)

Async:
    Async started = false
     Async result = null

Resolved Exception:
             Type = null

ModelAndView:
        View name = null
             View = null
            Model = null

FlashMap:
       Attributes = null

MockHttpServletResponse:
           Status = 201
    Error message = null
          Headers = [Content-Type:"application/json"]
     Content type = application/json
             Body = {"itemId":1,"itemName":"item1","itemEnteredByUser":"user1","itemEnteredDate":"2021-10-20T19:13:47.948+0000","itemBuyingPrice":50.0,"itemSellingPrice":55.0,"itemLastModifiedDate":"2021-10-20T19:13:47.942+0000","itemLastModifiedByUser":null,"itemStatus":"AVAILABLE"}
    Forwarded URL = null
   Redirected URL = null
          Cookies = []
]]></system-out>
  </testcase>
  <testcase name="testGetById" classname="com.hackerrank.orm.SpringBootORMTests" time="1.748">
    <error message="class java.lang.Double cannot be cast to class java.lang.String (java.lang.Double and java.lang.String are in module java.base of loader &apos;bootstrap&apos;)" type="java.lang.ClassCastException">java.lang.ClassCastException: class java.lang.Double cannot be cast to class java.lang.String (java.lang.Double and java.lang.String are in module java.base of loader 'bootstrap')
	at com.hackerrank.orm.SpringBootORMTests.setup(SpringBootORMTests.java:62)
</error>
    <system-out><![CDATA[2021-10-20 15:13:47.986  INFO 23510 --- [           main] o.s.s.concurrent.ThreadPoolTaskExecutor  : Shutting down ExecutorService 'applicationTaskExecutor'
2021-10-20 15:13:47.994  INFO 23510 --- [           main] j.LocalContainerEntityManagerFactoryBean : Closing JPA EntityManagerFactory for persistence unit 'default'
2021-10-20 15:13:47.995  INFO 23510 --- [           main] .SchemaDropperImpl$DelayedDropActionImpl : HHH000477: Starting delayed evictData of schema as part of SessionFactory shut-down'
2021-10-20 15:13:48.001  INFO 23510 --- [           main] com.zaxxer.hikari.HikariDataSource       : HikariPool-3 - Shutdown initiated...
2021-10-20 15:13:48.011  INFO 23510 --- [           main] com.zaxxer.hikari.HikariDataSource       : HikariPool-3 - Shutdown completed.

  .   ____          _            __ _ _
 /\\ / ___'_ __ _ _(_)_ __  __ _ \ \ \ \
( ( )\___ | '_ | '_| | '_ \/ _` | \ \ \ \
 \\/  ___)| |_)| | | | | || (_| |  ) ) ) )
  '  |____| .__|_| |_|_| |_\__, | / / / /
 =========|_|==============|___/=/_/_/_/
 :: Spring Boot ::        (v2.2.1.RELEASE)

2021-10-20 15:13:48.073  INFO 23510 --- [           main] com.hackerrank.orm.SpringBootORMTests    : Starting SpringBootORMTests on Faizals-MacBook-Air.local with PID 23510 (started by faizal in /Users/faizal/Documents/OLD LAP/Documents/Workspace/hack-service)
2021-10-20 15:13:48.073  INFO 23510 --- [           main] com.hackerrank.orm.SpringBootORMTests    : No active profile set, falling back to default profiles: default
2021-10-20 15:13:48.493  INFO 23510 --- [           main] .s.d.r.c.RepositoryConfigurationDelegate : Bootstrapping Spring Data repositories in DEFAULT mode.
2021-10-20 15:13:48.517  INFO 23510 --- [           main] .s.d.r.c.RepositoryConfigurationDelegate : Finished Spring Data repository scanning in 24ms. Found 1 repository interfaces.
2021-10-20 15:13:48.616  INFO 23510 --- [           main] trationDelegate$BeanPostProcessorChecker : Bean 'org.springframework.transaction.annotation.ProxyTransactionManagementConfiguration' of type [org.springframework.transaction.annotation.ProxyTransactionManagementConfiguration] is not eligible for getting processed by all BeanPostProcessors (for example: not eligible for auto-proxying)
2021-10-20 15:13:48.730  INFO 23510 --- [           main] com.zaxxer.hikari.HikariDataSource       : HikariPool-4 - Starting...
2021-10-20 15:13:48.736  INFO 23510 --- [           main] com.zaxxer.hikari.HikariDataSource       : HikariPool-4 - Start completed.
2021-10-20 15:13:48.755  INFO 23510 --- [           main] o.hibernate.jpa.internal.util.LogHelper  : HHH000204: Processing PersistenceUnitInfo [name: default]
2021-10-20 15:13:48.766  INFO 23510 --- [           main] org.hibernate.dialect.Dialect            : HHH000400: Using dialect: org.hibernate.dialect.H2Dialect
2021-10-20 15:13:48.862  INFO 23510 --- [           main] o.h.e.t.j.p.i.JtaPlatformInitiator       : HHH000490: Using JtaPlatform implementation: [org.hibernate.engine.transaction.jta.platform.internal.NoJtaPlatform]
2021-10-20 15:13:48.862  INFO 23510 --- [           main] j.LocalContainerEntityManagerFactoryBean : Initialized JPA EntityManagerFactory for persistence unit 'default'
2021-10-20 15:13:48.903  WARN 23510 --- [           main] JpaBaseConfiguration$JpaWebConfiguration : spring.jpa.open-in-view is enabled by default. Therefore, database queries may be performed during view rendering. Explicitly configure spring.jpa.open-in-view to disable this warning
2021-10-20 15:13:49.080  INFO 23510 --- [           main] .s.s.UserDetailsServiceAutoConfiguration : 

Using generated security password: f151edb1-b74f-476b-8c45-8a3e7ce93ef3

2021-10-20 15:13:49.131  INFO 23510 --- [           main] o.s.s.web.DefaultSecurityFilterChain     : Creating filter chain: org.springframework.boot.actuate.autoconfigure.security.servlet.EndpointRequest$EndpointRequestMatcher@3b256d50, [org.springframework.security.web.context.request.async.WebAsyncManagerIntegrationFilter@52ebacbf, org.springframework.security.web.context.SecurityContextPersistenceFilter@2c70da80, org.springframework.security.web.header.HeaderWriterFilter@31eb5ed6, org.springframework.security.web.csrf.CsrfFilter@10164e94, org.springframework.security.web.authentication.logout.LogoutFilter@74a29300, org.springframework.security.web.savedrequest.RequestCacheAwareFilter@39df2652, org.springframework.security.web.servletapi.SecurityContextHolderAwareRequestFilter@52a9c251, org.springframework.security.web.authentication.AnonymousAuthenticationFilter@aad7ade, org.springframework.security.web.session.SessionManagementFilter@e30573c, org.springframework.security.web.access.ExceptionTranslationFilter@24e63b9f, org.springframework.security.web.access.intercept.FilterSecurityInterceptor@7153995c]
2021-10-20 15:13:49.300  INFO 23510 --- [           main] o.s.s.concurrent.ThreadPoolTaskExecutor  : Initializing ExecutorService 'applicationTaskExecutor'
2021-10-20 15:13:49.583  INFO 23510 --- [           main] o.s.b.t.m.w.SpringBootMockServletContext : Initializing Spring TestDispatcherServlet ''
2021-10-20 15:13:49.583  INFO 23510 --- [           main] o.s.t.web.servlet.TestDispatcherServlet  : Initializing Servlet ''
2021-10-20 15:13:49.588  INFO 23510 --- [           main] o.s.b.a.e.web.EndpointLinksResolver      : Exposing 2 endpoint(s) beneath base path '/actuator'
2021-10-20 15:13:49.611  INFO 23510 --- [           main] o.s.t.web.servlet.TestDispatcherServlet  : Completed initialization in 28 ms
2021-10-20 15:13:49.646  INFO 23510 --- [           main] com.hackerrank.orm.SpringBootORMTests    : Started SpringBootORMTests in 1.626 seconds (JVM running for 22.633)

MockHttpServletRequest:
      HTTP Method = POST
      Request URI = /app/item
       Parameters = {}
          Headers = [Content-Type:"application/json;charset=UTF-8"]
             Body = {"itemName":"item1","itemEnteredByUser":"user1","itemBuyingPrice":50.0,"itemSellingPrice":55.0}
    Session Attrs = {}

Handler:
             Type = com.hackerrank.orm.controller.ItemController
           Method = com.hackerrank.orm.controller.ItemController#saveItem(Item)

Async:
    Async started = false
     Async result = null

Resolved Exception:
             Type = null

ModelAndView:
        View name = null
             View = null
            Model = null

FlashMap:
       Attributes = null

MockHttpServletResponse:
           Status = 201
    Error message = null
          Headers = [Content-Type:"application/json"]
     Content type = application/json
             Body = {"itemId":1,"itemName":"item1","itemEnteredByUser":"user1","itemEnteredDate":"2021-10-20T19:13:49.685+0000","itemBuyingPrice":50.0,"itemSellingPrice":55.0,"itemLastModifiedDate":"2021-10-20T19:13:49.680+0000","itemLastModifiedByUser":null,"itemStatus":"AVAILABLE"}
    Forwarded URL = null
   Redirected URL = null
          Cookies = []

MockHttpServletRequest:
      HTTP Method = POST
      Request URI = /app/item
       Parameters = {}
          Headers = [Content-Type:"application/json;charset=UTF-8"]
             Body = {"itemName":"item1","itemEnteredByUser":"user1","itemBuyingPrice":50.0,"itemSellingPrice":55.0}
    Session Attrs = {}

Handler:
             Type = com.hackerrank.orm.controller.ItemController
           Method = com.hackerrank.orm.controller.ItemController#saveItem(Item)

Async:
    Async started = false
     Async result = null

Resolved Exception:
             Type = null

ModelAndView:
        View name = null
             View = null
            Model = null

FlashMap:
       Attributes = null

MockHttpServletResponse:
           Status = 201
    Error message = null
          Headers = [Content-Type:"application/json"]
     Content type = application/json
             Body = {"itemId":1,"itemName":"item1","itemEnteredByUser":"user1","itemEnteredDate":"2021-10-20T19:13:49.685+0000","itemBuyingPrice":50.0,"itemSellingPrice":55.0,"itemLastModifiedDate":"2021-10-20T19:13:49.680+0000","itemLastModifiedByUser":null,"itemStatus":"AVAILABLE"}
    Forwarded URL = null
   Redirected URL = null
          Cookies = []
]]></system-out>
  </testcase>
  <testcase name="testDeleteAll" classname="com.hackerrank.orm.SpringBootORMTests" time="1.542">
    <error message="class java.lang.Double cannot be cast to class java.lang.String (java.lang.Double and java.lang.String are in module java.base of loader &apos;bootstrap&apos;)" type="java.lang.ClassCastException">java.lang.ClassCastException: class java.lang.Double cannot be cast to class java.lang.String (java.lang.Double and java.lang.String are in module java.base of loader 'bootstrap')
	at com.hackerrank.orm.SpringBootORMTests.setup(SpringBootORMTests.java:62)
</error>
    <system-out><![CDATA[2021-10-20 15:13:49.736  INFO 23510 --- [           main] o.s.s.concurrent.ThreadPoolTaskExecutor  : Shutting down ExecutorService 'applicationTaskExecutor'
2021-10-20 15:13:49.739  INFO 23510 --- [           main] j.LocalContainerEntityManagerFactoryBean : Closing JPA EntityManagerFactory for persistence unit 'default'
2021-10-20 15:13:49.739  INFO 23510 --- [           main] .SchemaDropperImpl$DelayedDropActionImpl : HHH000477: Starting delayed evictData of schema as part of SessionFactory shut-down'
2021-10-20 15:13:49.741  INFO 23510 --- [           main] com.zaxxer.hikari.HikariDataSource       : HikariPool-4 - Shutdown initiated...
2021-10-20 15:13:49.748  INFO 23510 --- [           main] com.zaxxer.hikari.HikariDataSource       : HikariPool-4 - Shutdown completed.

  .   ____          _            __ _ _
 /\\ / ___'_ __ _ _(_)_ __  __ _ \ \ \ \
( ( )\___ | '_ | '_| | '_ \/ _` | \ \ \ \
 \\/  ___)| |_)| | | | | || (_| |  ) ) ) )
  '  |____| .__|_| |_|_| |_\__, | / / / /
 =========|_|==============|___/=/_/_/_/
 :: Spring Boot ::        (v2.2.1.RELEASE)

2021-10-20 15:13:49.793  INFO 23510 --- [           main] com.hackerrank.orm.SpringBootORMTests    : Starting SpringBootORMTests on Faizals-MacBook-Air.local with PID 23510 (started by faizal in /Users/faizal/Documents/OLD LAP/Documents/Workspace/hack-service)
2021-10-20 15:13:49.796  INFO 23510 --- [           main] com.hackerrank.orm.SpringBootORMTests    : No active profile set, falling back to default profiles: default
2021-10-20 15:13:50.113  INFO 23510 --- [           main] .s.d.r.c.RepositoryConfigurationDelegate : Bootstrapping Spring Data repositories in DEFAULT mode.
2021-10-20 15:13:50.125  INFO 23510 --- [           main] .s.d.r.c.RepositoryConfigurationDelegate : Finished Spring Data repository scanning in 12ms. Found 1 repository interfaces.
2021-10-20 15:13:50.189  INFO 23510 --- [           main] trationDelegate$BeanPostProcessorChecker : Bean 'org.springframework.transaction.annotation.ProxyTransactionManagementConfiguration' of type [org.springframework.transaction.annotation.ProxyTransactionManagementConfiguration] is not eligible for getting processed by all BeanPostProcessors (for example: not eligible for auto-proxying)
2021-10-20 15:13:50.250  INFO 23510 --- [           main] com.zaxxer.hikari.HikariDataSource       : HikariPool-5 - Starting...
2021-10-20 15:13:50.254  INFO 23510 --- [           main] com.zaxxer.hikari.HikariDataSource       : HikariPool-5 - Start completed.
2021-10-20 15:13:50.263  INFO 23510 --- [           main] o.hibernate.jpa.internal.util.LogHelper  : HHH000204: Processing PersistenceUnitInfo [name: default]
2021-10-20 15:13:50.271  INFO 23510 --- [           main] org.hibernate.dialect.Dialect            : HHH000400: Using dialect: org.hibernate.dialect.H2Dialect
2021-10-20 15:13:50.345  INFO 23510 --- [           main] o.h.e.t.j.p.i.JtaPlatformInitiator       : HHH000490: Using JtaPlatform implementation: [org.hibernate.engine.transaction.jta.platform.internal.NoJtaPlatform]
2021-10-20 15:13:50.346  INFO 23510 --- [           main] j.LocalContainerEntityManagerFactoryBean : Initialized JPA EntityManagerFactory for persistence unit 'default'
2021-10-20 15:13:50.393  WARN 23510 --- [           main] JpaBaseConfiguration$JpaWebConfiguration : spring.jpa.open-in-view is enabled by default. Therefore, database queries may be performed during view rendering. Explicitly configure spring.jpa.open-in-view to disable this warning
2021-10-20 15:13:50.642  INFO 23510 --- [           main] .s.s.UserDetailsServiceAutoConfiguration : 

Using generated security password: 2227c820-f389-4010-883b-67f6c7e0355e

2021-10-20 15:13:50.713  INFO 23510 --- [           main] o.s.s.web.DefaultSecurityFilterChain     : Creating filter chain: org.springframework.boot.actuate.autoconfigure.security.servlet.EndpointRequest$EndpointRequestMatcher@1a5e19fe, [org.springframework.security.web.context.request.async.WebAsyncManagerIntegrationFilter@3e7ac200, org.springframework.security.web.context.SecurityContextPersistenceFilter@6e0d7be4, org.springframework.security.web.header.HeaderWriterFilter@591b8f15, org.springframework.security.web.csrf.CsrfFilter@5a59f3d9, org.springframework.security.web.authentication.logout.LogoutFilter@efa6a81, org.springframework.security.web.savedrequest.RequestCacheAwareFilter@9504a58, org.springframework.security.web.servletapi.SecurityContextHolderAwareRequestFilter@c360f40, org.springframework.security.web.authentication.AnonymousAuthenticationFilter@222b4ab1, org.springframework.security.web.session.SessionManagementFilter@7b5f886d, org.springframework.security.web.access.ExceptionTranslationFilter@9cdceeb, org.springframework.security.web.access.intercept.FilterSecurityInterceptor@2bf5f4]
2021-10-20 15:13:50.888  INFO 23510 --- [           main] o.s.s.concurrent.ThreadPoolTaskExecutor  : Initializing ExecutorService 'applicationTaskExecutor'
2021-10-20 15:13:51.149  INFO 23510 --- [           main] o.s.b.t.m.w.SpringBootMockServletContext : Initializing Spring TestDispatcherServlet ''
2021-10-20 15:13:51.150  INFO 23510 --- [           main] o.s.t.web.servlet.TestDispatcherServlet  : Initializing Servlet ''
2021-10-20 15:13:51.155  INFO 23510 --- [           main] o.s.b.a.e.web.EndpointLinksResolver      : Exposing 2 endpoint(s) beneath base path '/actuator'
2021-10-20 15:13:51.180  INFO 23510 --- [           main] o.s.t.web.servlet.TestDispatcherServlet  : Completed initialization in 30 ms
2021-10-20 15:13:51.209  INFO 23510 --- [           main] com.hackerrank.orm.SpringBootORMTests    : Started SpringBootORMTests in 1.455 seconds (JVM running for 24.196)

MockHttpServletRequest:
      HTTP Method = POST
      Request URI = /app/item
       Parameters = {}
          Headers = [Content-Type:"application/json;charset=UTF-8"]
             Body = {"itemName":"item1","itemEnteredByUser":"user1","itemBuyingPrice":50.0,"itemSellingPrice":55.0}
    Session Attrs = {}

Handler:
             Type = com.hackerrank.orm.controller.ItemController
           Method = com.hackerrank.orm.controller.ItemController#saveItem(Item)

Async:
    Async started = false
     Async result = null

Resolved Exception:
             Type = null

ModelAndView:
        View name = null
             View = null
            Model = null

FlashMap:
       Attributes = null

MockHttpServletResponse:
           Status = 201
    Error message = null
          Headers = [Content-Type:"application/json"]
     Content type = application/json
             Body = {"itemId":1,"itemName":"item1","itemEnteredByUser":"user1","itemEnteredDate":"2021-10-20T19:13:51.248+0000","itemBuyingPrice":50.0,"itemSellingPrice":55.0,"itemLastModifiedDate":"2021-10-20T19:13:51.243+0000","itemLastModifiedByUser":null,"itemStatus":"AVAILABLE"}
    Forwarded URL = null
   Redirected URL = null
          Cookies = []

MockHttpServletRequest:
      HTTP Method = POST
      Request URI = /app/item
       Parameters = {}
          Headers = [Content-Type:"application/json;charset=UTF-8"]
             Body = {"itemName":"item1","itemEnteredByUser":"user1","itemBuyingPrice":50.0,"itemSellingPrice":55.0}
    Session Attrs = {}

Handler:
             Type = com.hackerrank.orm.controller.ItemController
           Method = com.hackerrank.orm.controller.ItemController#saveItem(Item)

Async:
    Async started = false
     Async result = null

Resolved Exception:
             Type = null

ModelAndView:
        View name = null
             View = null
            Model = null

FlashMap:
       Attributes = null

MockHttpServletResponse:
           Status = 201
    Error message = null
          Headers = [Content-Type:"application/json"]
     Content type = application/json
             Body = {"itemId":1,"itemName":"item1","itemEnteredByUser":"user1","itemEnteredDate":"2021-10-20T19:13:51.248+0000","itemBuyingPrice":50.0,"itemSellingPrice":55.0,"itemLastModifiedDate":"2021-10-20T19:13:51.243+0000","itemLastModifiedByUser":null,"itemStatus":"AVAILABLE"}
    Forwarded URL = null
   Redirected URL = null
          Cookies = []
]]></system-out>
  </testcase>
  <testcase name="testDeleteById" classname="com.hackerrank.orm.SpringBootORMTests" time="1.501">
    <error message="class java.lang.Double cannot be cast to class java.lang.String (java.lang.Double and java.lang.String are in module java.base of loader &apos;bootstrap&apos;)" type="java.lang.ClassCastException">java.lang.ClassCastException: class java.lang.Double cannot be cast to class java.lang.String (java.lang.Double and java.lang.String are in module java.base of loader 'bootstrap')
	at com.hackerrank.orm.SpringBootORMTests.setup(SpringBootORMTests.java:62)
</error>
    <system-out><![CDATA[2021-10-20 15:13:51.278  INFO 23510 --- [           main] o.s.s.concurrent.ThreadPoolTaskExecutor  : Shutting down ExecutorService 'applicationTaskExecutor'
2021-10-20 15:13:51.280  INFO 23510 --- [           main] j.LocalContainerEntityManagerFactoryBean : Closing JPA EntityManagerFactory for persistence unit 'default'
2021-10-20 15:13:51.281  INFO 23510 --- [           main] .SchemaDropperImpl$DelayedDropActionImpl : HHH000477: Starting delayed evictData of schema as part of SessionFactory shut-down'
2021-10-20 15:13:51.286  INFO 23510 --- [           main] com.zaxxer.hikari.HikariDataSource       : HikariPool-5 - Shutdown initiated...
2021-10-20 15:13:51.290  INFO 23510 --- [           main] com.zaxxer.hikari.HikariDataSource       : HikariPool-5 - Shutdown completed.

  .   ____          _            __ _ _
 /\\ / ___'_ __ _ _(_)_ __  __ _ \ \ \ \
( ( )\___ | '_ | '_| | '_ \/ _` | \ \ \ \
 \\/  ___)| |_)| | | | | || (_| |  ) ) ) )
  '  |____| .__|_| |_|_| |_\__, | / / / /
 =========|_|==============|___/=/_/_/_/
 :: Spring Boot ::        (v2.2.1.RELEASE)

2021-10-20 15:13:51.343  INFO 23510 --- [           main] com.hackerrank.orm.SpringBootORMTests    : Starting SpringBootORMTests on Faizals-MacBook-Air.local with PID 23510 (started by faizal in /Users/faizal/Documents/OLD LAP/Documents/Workspace/hack-service)
2021-10-20 15:13:51.344  INFO 23510 --- [           main] com.hackerrank.orm.SpringBootORMTests    : No active profile set, falling back to default profiles: default
2021-10-20 15:13:51.661  INFO 23510 --- [           main] .s.d.r.c.RepositoryConfigurationDelegate : Bootstrapping Spring Data repositories in DEFAULT mode.
2021-10-20 15:13:51.677  INFO 23510 --- [           main] .s.d.r.c.RepositoryConfigurationDelegate : Finished Spring Data repository scanning in 16ms. Found 1 repository interfaces.
2021-10-20 15:13:51.751  INFO 23510 --- [           main] trationDelegate$BeanPostProcessorChecker : Bean 'org.springframework.transaction.annotation.ProxyTransactionManagementConfiguration' of type [org.springframework.transaction.annotation.ProxyTransactionManagementConfiguration] is not eligible for getting processed by all BeanPostProcessors (for example: not eligible for auto-proxying)
2021-10-20 15:13:51.807  INFO 23510 --- [           main] com.zaxxer.hikari.HikariDataSource       : HikariPool-6 - Starting...
2021-10-20 15:13:51.809  INFO 23510 --- [           main] com.zaxxer.hikari.HikariDataSource       : HikariPool-6 - Start completed.
2021-10-20 15:13:51.819  INFO 23510 --- [           main] o.hibernate.jpa.internal.util.LogHelper  : HHH000204: Processing PersistenceUnitInfo [name: default]
2021-10-20 15:13:51.830  INFO 23510 --- [           main] org.hibernate.dialect.Dialect            : HHH000400: Using dialect: org.hibernate.dialect.H2Dialect
2021-10-20 15:13:51.919  INFO 23510 --- [           main] o.h.e.t.j.p.i.JtaPlatformInitiator       : HHH000490: Using JtaPlatform implementation: [org.hibernate.engine.transaction.jta.platform.internal.NoJtaPlatform]
2021-10-20 15:13:51.920  INFO 23510 --- [           main] j.LocalContainerEntityManagerFactoryBean : Initialized JPA EntityManagerFactory for persistence unit 'default'
2021-10-20 15:13:51.969  WARN 23510 --- [           main] JpaBaseConfiguration$JpaWebConfiguration : spring.jpa.open-in-view is enabled by default. Therefore, database queries may be performed during view rendering. Explicitly configure spring.jpa.open-in-view to disable this warning
2021-10-20 15:13:52.121  INFO 23510 --- [           main] .s.s.UserDetailsServiceAutoConfiguration : 

Using generated security password: dce09cf4-c00f-496e-8e85-131460ce419f

2021-10-20 15:13:52.202  INFO 23510 --- [           main] o.s.s.web.DefaultSecurityFilterChain     : Creating filter chain: org.springframework.boot.actuate.autoconfigure.security.servlet.EndpointRequest$EndpointRequestMatcher@5e1db27e, [org.springframework.security.web.context.request.async.WebAsyncManagerIntegrationFilter@3badd554, org.springframework.security.web.context.SecurityContextPersistenceFilter@6831286e, org.springframework.security.web.header.HeaderWriterFilter@3f30c9cf, org.springframework.security.web.csrf.CsrfFilter@1f410c8, org.springframework.security.web.authentication.logout.LogoutFilter@1b3ee7f3, org.springframework.security.web.savedrequest.RequestCacheAwareFilter@1a4fa5df, org.springframework.security.web.servletapi.SecurityContextHolderAwareRequestFilter@238869e8, org.springframework.security.web.authentication.AnonymousAuthenticationFilter@218da1f9, org.springframework.security.web.session.SessionManagementFilter@496203da, org.springframework.security.web.access.ExceptionTranslationFilter@18ad543b, org.springframework.security.web.access.intercept.FilterSecurityInterceptor@645f3e8b]
2021-10-20 15:13:52.392  INFO 23510 --- [           main] o.s.s.concurrent.ThreadPoolTaskExecutor  : Initializing ExecutorService 'applicationTaskExecutor'
2021-10-20 15:13:52.666  INFO 23510 --- [           main] o.s.b.t.m.w.SpringBootMockServletContext : Initializing Spring TestDispatcherServlet ''
2021-10-20 15:13:52.667  INFO 23510 --- [           main] o.s.t.web.servlet.TestDispatcherServlet  : Initializing Servlet ''
2021-10-20 15:13:52.673  INFO 23510 --- [           main] o.s.b.a.e.web.EndpointLinksResolver      : Exposing 2 endpoint(s) beneath base path '/actuator'
2021-10-20 15:13:52.693  INFO 23510 --- [           main] o.s.t.web.servlet.TestDispatcherServlet  : Completed initialization in 26 ms
2021-10-20 15:13:52.711  INFO 23510 --- [           main] com.hackerrank.orm.SpringBootORMTests    : Started SpringBootORMTests in 1.415 seconds (JVM running for 25.698)

MockHttpServletRequest:
      HTTP Method = POST
      Request URI = /app/item
       Parameters = {}
          Headers = [Content-Type:"application/json;charset=UTF-8"]
             Body = {"itemName":"item1","itemEnteredByUser":"user1","itemBuyingPrice":50.0,"itemSellingPrice":55.0}
    Session Attrs = {}

Handler:
             Type = com.hackerrank.orm.controller.ItemController
           Method = com.hackerrank.orm.controller.ItemController#saveItem(Item)

Async:
    Async started = false
     Async result = null

Resolved Exception:
             Type = null

ModelAndView:
        View name = null
             View = null
            Model = null

FlashMap:
       Attributes = null

MockHttpServletResponse:
           Status = 201
    Error message = null
          Headers = [Content-Type:"application/json"]
     Content type = application/json
             Body = {"itemId":1,"itemName":"item1","itemEnteredByUser":"user1","itemEnteredDate":"2021-10-20T19:13:52.743+0000","itemBuyingPrice":50.0,"itemSellingPrice":55.0,"itemLastModifiedDate":"2021-10-20T19:13:52.740+0000","itemLastModifiedByUser":null,"itemStatus":"AVAILABLE"}
    Forwarded URL = null
   Redirected URL = null
          Cookies = []

MockHttpServletRequest:
      HTTP Method = POST
      Request URI = /app/item
       Parameters = {}
          Headers = [Content-Type:"application/json;charset=UTF-8"]
             Body = {"itemName":"item1","itemEnteredByUser":"user1","itemBuyingPrice":50.0,"itemSellingPrice":55.0}
    Session Attrs = {}

Handler:
             Type = com.hackerrank.orm.controller.ItemController
           Method = com.hackerrank.orm.controller.ItemController#saveItem(Item)

Async:
    Async started = false
     Async result = null

Resolved Exception:
             Type = null

ModelAndView:
        View name = null
             View = null
            Model = null

FlashMap:
       Attributes = null

MockHttpServletResponse:
           Status = 201
    Error message = null
          Headers = [Content-Type:"application/json"]
     Content type = application/json
             Body = {"itemId":1,"itemName":"item1","itemEnteredByUser":"user1","itemEnteredDate":"2021-10-20T19:13:52.743+0000","itemBuyingPrice":50.0,"itemSellingPrice":55.0,"itemLastModifiedDate":"2021-10-20T19:13:52.740+0000","itemLastModifiedByUser":null,"itemStatus":"AVAILABLE"}
    Forwarded URL = null
   Redirected URL = null
          Cookies = []
]]></system-out>
  </testcase>
  <testcase name="testGetAll" classname="com.hackerrank.orm.SpringBootORMTests" time="1.314">
    <error message="class java.lang.Double cannot be cast to class java.lang.String (java.lang.Double and java.lang.String are in module java.base of loader &apos;bootstrap&apos;)" type="java.lang.ClassCastException">java.lang.ClassCastException: class java.lang.Double cannot be cast to class java.lang.String (java.lang.Double and java.lang.String are in module java.base of loader 'bootstrap')
	at com.hackerrank.orm.SpringBootORMTests.setup(SpringBootORMTests.java:62)
</error>
    <system-out><![CDATA[2021-10-20 15:13:52.783  INFO 23510 --- [           main] o.s.s.concurrent.ThreadPoolTaskExecutor  : Shutting down ExecutorService 'applicationTaskExecutor'
2021-10-20 15:13:52.784  INFO 23510 --- [           main] j.LocalContainerEntityManagerFactoryBean : Closing JPA EntityManagerFactory for persistence unit 'default'
2021-10-20 15:13:52.785  INFO 23510 --- [           main] .SchemaDropperImpl$DelayedDropActionImpl : HHH000477: Starting delayed evictData of schema as part of SessionFactory shut-down'
2021-10-20 15:13:52.787  INFO 23510 --- [           main] com.zaxxer.hikari.HikariDataSource       : HikariPool-6 - Shutdown initiated...
2021-10-20 15:13:52.790  INFO 23510 --- [           main] com.zaxxer.hikari.HikariDataSource       : HikariPool-6 - Shutdown completed.

  .   ____          _            __ _ _
 /\\ / ___'_ __ _ _(_)_ __  __ _ \ \ \ \
( ( )\___ | '_ | '_| | '_ \/ _` | \ \ \ \
 \\/  ___)| |_)| | | | | || (_| |  ) ) ) )
  '  |____| .__|_| |_|_| |_\__, | / / / /
 =========|_|==============|___/=/_/_/_/
 :: Spring Boot ::        (v2.2.1.RELEASE)

2021-10-20 15:13:52.823  INFO 23510 --- [           main] com.hackerrank.orm.SpringBootORMTests    : Starting SpringBootORMTests on Faizals-MacBook-Air.local with PID 23510 (started by faizal in /Users/faizal/Documents/OLD LAP/Documents/Workspace/hack-service)
2021-10-20 15:13:52.824  INFO 23510 --- [           main] com.hackerrank.orm.SpringBootORMTests    : No active profile set, falling back to default profiles: default
2021-10-20 15:13:53.097  INFO 23510 --- [           main] .s.d.r.c.RepositoryConfigurationDelegate : Bootstrapping Spring Data repositories in DEFAULT mode.
2021-10-20 15:13:53.109  INFO 23510 --- [           main] .s.d.r.c.RepositoryConfigurationDelegate : Finished Spring Data repository scanning in 12ms. Found 1 repository interfaces.
2021-10-20 15:13:53.190  INFO 23510 --- [           main] trationDelegate$BeanPostProcessorChecker : Bean 'org.springframework.transaction.annotation.ProxyTransactionManagementConfiguration' of type [org.springframework.transaction.annotation.ProxyTransactionManagementConfiguration] is not eligible for getting processed by all BeanPostProcessors (for example: not eligible for auto-proxying)
2021-10-20 15:13:53.256  INFO 23510 --- [           main] com.zaxxer.hikari.HikariDataSource       : HikariPool-7 - Starting...
2021-10-20 15:13:53.260  INFO 23510 --- [           main] com.zaxxer.hikari.HikariDataSource       : HikariPool-7 - Start completed.
2021-10-20 15:13:53.271  INFO 23510 --- [           main] o.hibernate.jpa.internal.util.LogHelper  : HHH000204: Processing PersistenceUnitInfo [name: default]
2021-10-20 15:13:53.281  INFO 23510 --- [           main] org.hibernate.dialect.Dialect            : HHH000400: Using dialect: org.hibernate.dialect.H2Dialect
2021-10-20 15:13:53.351  INFO 23510 --- [           main] o.h.e.t.j.p.i.JtaPlatformInitiator       : HHH000490: Using JtaPlatform implementation: [org.hibernate.engine.transaction.jta.platform.internal.NoJtaPlatform]
2021-10-20 15:13:53.352  INFO 23510 --- [           main] j.LocalContainerEntityManagerFactoryBean : Initialized JPA EntityManagerFactory for persistence unit 'default'
2021-10-20 15:13:53.386  WARN 23510 --- [           main] JpaBaseConfiguration$JpaWebConfiguration : spring.jpa.open-in-view is enabled by default. Therefore, database queries may be performed during view rendering. Explicitly configure spring.jpa.open-in-view to disable this warning
2021-10-20 15:13:53.538  INFO 23510 --- [           main] .s.s.UserDetailsServiceAutoConfiguration : 

Using generated security password: 878de7c9-5fa7-4b79-8e6c-392b07ffb655

2021-10-20 15:13:53.592  INFO 23510 --- [           main] o.s.s.web.DefaultSecurityFilterChain     : Creating filter chain: org.springframework.boot.actuate.autoconfigure.security.servlet.EndpointRequest$EndpointRequestMatcher@5c5e301f, [org.springframework.security.web.context.request.async.WebAsyncManagerIntegrationFilter@2a384b46, org.springframework.security.web.context.SecurityContextPersistenceFilter@4901ff51, org.springframework.security.web.header.HeaderWriterFilter@7908e69e, org.springframework.security.web.csrf.CsrfFilter@73e505d5, org.springframework.security.web.authentication.logout.LogoutFilter@56584f06, org.springframework.security.web.savedrequest.RequestCacheAwareFilter@3033e54c, org.springframework.security.web.servletapi.SecurityContextHolderAwareRequestFilter@e31d9c2, org.springframework.security.web.authentication.AnonymousAuthenticationFilter@74355746, org.springframework.security.web.session.SessionManagementFilter@12919b7b, org.springframework.security.web.access.ExceptionTranslationFilter@1e4cf0e5, org.springframework.security.web.access.intercept.FilterSecurityInterceptor@53f7759c]
2021-10-20 15:13:53.759  INFO 23510 --- [           main] o.s.s.concurrent.ThreadPoolTaskExecutor  : Initializing ExecutorService 'applicationTaskExecutor'
2021-10-20 15:13:53.993  INFO 23510 --- [           main] o.s.b.t.m.w.SpringBootMockServletContext : Initializing Spring TestDispatcherServlet ''
2021-10-20 15:13:53.994  INFO 23510 --- [           main] o.s.t.web.servlet.TestDispatcherServlet  : Initializing Servlet ''
2021-10-20 15:13:53.998  INFO 23510 --- [           main] o.s.b.a.e.web.EndpointLinksResolver      : Exposing 2 endpoint(s) beneath base path '/actuator'
2021-10-20 15:13:54.018  INFO 23510 --- [           main] o.s.t.web.servlet.TestDispatcherServlet  : Completed initialization in 24 ms
2021-10-20 15:13:54.035  INFO 23510 --- [           main] com.hackerrank.orm.SpringBootORMTests    : Started SpringBootORMTests in 1.24 seconds (JVM running for 27.022)

MockHttpServletRequest:
      HTTP Method = POST
      Request URI = /app/item
       Parameters = {}
          Headers = [Content-Type:"application/json;charset=UTF-8"]
             Body = {"itemName":"item1","itemEnteredByUser":"user1","itemBuyingPrice":50.0,"itemSellingPrice":55.0}
    Session Attrs = {}

Handler:
             Type = com.hackerrank.orm.controller.ItemController
           Method = com.hackerrank.orm.controller.ItemController#saveItem(Item)

Async:
    Async started = false
     Async result = null

Resolved Exception:
             Type = null

ModelAndView:
        View name = null
             View = null
            Model = null

FlashMap:
       Attributes = null

MockHttpServletResponse:
           Status = 201
    Error message = null
          Headers = [Content-Type:"application/json"]
     Content type = application/json
             Body = {"itemId":1,"itemName":"item1","itemEnteredByUser":"user1","itemEnteredDate":"2021-10-20T19:13:54.068+0000","itemBuyingPrice":50.0,"itemSellingPrice":55.0,"itemLastModifiedDate":"2021-10-20T19:13:54.065+0000","itemLastModifiedByUser":null,"itemStatus":"AVAILABLE"}
    Forwarded URL = null
   Redirected URL = null
          Cookies = []

MockHttpServletRequest:
      HTTP Method = POST
      Request URI = /app/item
       Parameters = {}
          Headers = [Content-Type:"application/json;charset=UTF-8"]
             Body = {"itemName":"item1","itemEnteredByUser":"user1","itemBuyingPrice":50.0,"itemSellingPrice":55.0}
    Session Attrs = {}

Handler:
             Type = com.hackerrank.orm.controller.ItemController
           Method = com.hackerrank.orm.controller.ItemController#saveItem(Item)

Async:
    Async started = false
     Async result = null

Resolved Exception:
             Type = null

ModelAndView:
        View name = null
             View = null
            Model = null

FlashMap:
       Attributes = null

MockHttpServletResponse:
           Status = 201
    Error message = null
          Headers = [Content-Type:"application/json"]
     Content type = application/json
             Body = {"itemId":1,"itemName":"item1","itemEnteredByUser":"user1","itemEnteredDate":"2021-10-20T19:13:54.068+0000","itemBuyingPrice":50.0,"itemSellingPrice":55.0,"itemLastModifiedDate":"2021-10-20T19:13:54.065+0000","itemLastModifiedByUser":null,"itemStatus":"AVAILABLE"}
    Forwarded URL = null
   Redirected URL = null
          Cookies = []
]]></system-out>
  </testcase>
  <testcase name="testInsert" classname="com.hackerrank.orm.SpringBootORMTests" time="1.804">
    <error message="class java.lang.Double cannot be cast to class java.lang.String (java.lang.Double and java.lang.String are in module java.base of loader &apos;bootstrap&apos;)" type="java.lang.ClassCastException">java.lang.ClassCastException: class java.lang.Double cannot be cast to class java.lang.String (java.lang.Double and java.lang.String are in module java.base of loader 'bootstrap')
	at com.hackerrank.orm.SpringBootORMTests.setup(SpringBootORMTests.java:62)
</error>
    <system-out><![CDATA[2021-10-20 15:13:54.093  INFO 23510 --- [           main] o.s.s.concurrent.ThreadPoolTaskExecutor  : Shutting down ExecutorService 'applicationTaskExecutor'
2021-10-20 15:13:54.102  INFO 23510 --- [           main] j.LocalContainerEntityManagerFactoryBean : Closing JPA EntityManagerFactory for persistence unit 'default'
2021-10-20 15:13:54.103  INFO 23510 --- [           main] .SchemaDropperImpl$DelayedDropActionImpl : HHH000477: Starting delayed evictData of schema as part of SessionFactory shut-down'
2021-10-20 15:13:54.105  INFO 23510 --- [           main] com.zaxxer.hikari.HikariDataSource       : HikariPool-7 - Shutdown initiated...
2021-10-20 15:13:54.110  INFO 23510 --- [           main] com.zaxxer.hikari.HikariDataSource       : HikariPool-7 - Shutdown completed.

  .   ____          _            __ _ _
 /\\ / ___'_ __ _ _(_)_ __  __ _ \ \ \ \
( ( )\___ | '_ | '_| | '_ \/ _` | \ \ \ \
 \\/  ___)| |_)| | | | | || (_| |  ) ) ) )
  '  |____| .__|_| |_|_| |_\__, | / / / /
 =========|_|==============|___/=/_/_/_/
 :: Spring Boot ::        (v2.2.1.RELEASE)

2021-10-20 15:13:54.139  INFO 23510 --- [           main] com.hackerrank.orm.SpringBootORMTests    : Starting SpringBootORMTests on Faizals-MacBook-Air.local with PID 23510 (started by faizal in /Users/faizal/Documents/OLD LAP/Documents/Workspace/hack-service)
2021-10-20 15:13:54.140  INFO 23510 --- [           main] com.hackerrank.orm.SpringBootORMTests    : No active profile set, falling back to default profiles: default
2021-10-20 15:13:54.600  INFO 23510 --- [           main] .s.d.r.c.RepositoryConfigurationDelegate : Bootstrapping Spring Data repositories in DEFAULT mode.
2021-10-20 15:13:54.640  INFO 23510 --- [           main] .s.d.r.c.RepositoryConfigurationDelegate : Finished Spring Data repository scanning in 35ms. Found 1 repository interfaces.
2021-10-20 15:13:54.762  INFO 23510 --- [           main] trationDelegate$BeanPostProcessorChecker : Bean 'org.springframework.transaction.annotation.ProxyTransactionManagementConfiguration' of type [org.springframework.transaction.annotation.ProxyTransactionManagementConfiguration] is not eligible for getting processed by all BeanPostProcessors (for example: not eligible for auto-proxying)
2021-10-20 15:13:54.845  INFO 23510 --- [           main] com.zaxxer.hikari.HikariDataSource       : HikariPool-8 - Starting...
2021-10-20 15:13:54.854  INFO 23510 --- [           main] com.zaxxer.hikari.HikariDataSource       : HikariPool-8 - Start completed.
2021-10-20 15:13:54.872  INFO 23510 --- [           main] o.hibernate.jpa.internal.util.LogHelper  : HHH000204: Processing PersistenceUnitInfo [name: default]
2021-10-20 15:13:54.884  INFO 23510 --- [           main] org.hibernate.dialect.Dialect            : HHH000400: Using dialect: org.hibernate.dialect.H2Dialect
2021-10-20 15:13:55.016  INFO 23510 --- [           main] o.h.e.t.j.p.i.JtaPlatformInitiator       : HHH000490: Using JtaPlatform implementation: [org.hibernate.engine.transaction.jta.platform.internal.NoJtaPlatform]
2021-10-20 15:13:55.016  INFO 23510 --- [           main] j.LocalContainerEntityManagerFactoryBean : Initialized JPA EntityManagerFactory for persistence unit 'default'
2021-10-20 15:13:55.043  WARN 23510 --- [           main] JpaBaseConfiguration$JpaWebConfiguration : spring.jpa.open-in-view is enabled by default. Therefore, database queries may be performed during view rendering. Explicitly configure spring.jpa.open-in-view to disable this warning
2021-10-20 15:13:55.233  INFO 23510 --- [           main] .s.s.UserDetailsServiceAutoConfiguration : 

Using generated security password: c6782ca5-064a-4b40-87e2-7bd5b03810a2

2021-10-20 15:13:55.306  INFO 23510 --- [           main] o.s.s.web.DefaultSecurityFilterChain     : Creating filter chain: org.springframework.boot.actuate.autoconfigure.security.servlet.EndpointRequest$EndpointRequestMatcher@2a8ff32, [org.springframework.security.web.context.request.async.WebAsyncManagerIntegrationFilter@5a8f777, org.springframework.security.web.context.SecurityContextPersistenceFilter@5fada492, org.springframework.security.web.header.HeaderWriterFilter@67668cf7, org.springframework.security.web.csrf.CsrfFilter@53964b0e, org.springframework.security.web.authentication.logout.LogoutFilter@1a5247c8, org.springframework.security.web.savedrequest.RequestCacheAwareFilter@57268fc3, org.springframework.security.web.servletapi.SecurityContextHolderAwareRequestFilter@4f4a0e4, org.springframework.security.web.authentication.AnonymousAuthenticationFilter@4a6198a7, org.springframework.security.web.session.SessionManagementFilter@3e024667, org.springframework.security.web.access.ExceptionTranslationFilter@50db0b17, org.springframework.security.web.access.intercept.FilterSecurityInterceptor@37aa752a]
2021-10-20 15:13:55.467  INFO 23510 --- [           main] o.s.s.concurrent.ThreadPoolTaskExecutor  : Initializing ExecutorService 'applicationTaskExecutor'
2021-10-20 15:13:55.788  INFO 23510 --- [           main] o.s.b.t.m.w.SpringBootMockServletContext : Initializing Spring TestDispatcherServlet ''
2021-10-20 15:13:55.789  INFO 23510 --- [           main] o.s.t.web.servlet.TestDispatcherServlet  : Initializing Servlet ''
2021-10-20 15:13:55.798  INFO 23510 --- [           main] o.s.b.a.e.web.EndpointLinksResolver      : Exposing 2 endpoint(s) beneath base path '/actuator'
2021-10-20 15:13:55.822  INFO 23510 --- [           main] o.s.t.web.servlet.TestDispatcherServlet  : Completed initialization in 33 ms
2021-10-20 15:13:55.846  INFO 23510 --- [           main] com.hackerrank.orm.SpringBootORMTests    : Started SpringBootORMTests in 1.73 seconds (JVM running for 28.833)

MockHttpServletRequest:
      HTTP Method = POST
      Request URI = /app/item
       Parameters = {}
          Headers = [Content-Type:"application/json;charset=UTF-8"]
             Body = {"itemName":"item1","itemEnteredByUser":"user1","itemBuyingPrice":50.0,"itemSellingPrice":55.0}
    Session Attrs = {}

Handler:
             Type = com.hackerrank.orm.controller.ItemController
           Method = com.hackerrank.orm.controller.ItemController#saveItem(Item)

Async:
    Async started = false
     Async result = null

Resolved Exception:
             Type = null

ModelAndView:
        View name = null
             View = null
            Model = null

FlashMap:
       Attributes = null

MockHttpServletResponse:
           Status = 201
    Error message = null
          Headers = [Content-Type:"application/json"]
     Content type = application/json
             Body = {"itemId":1,"itemName":"item1","itemEnteredByUser":"user1","itemEnteredDate":"2021-10-20T19:13:55.881+0000","itemBuyingPrice":50.0,"itemSellingPrice":55.0,"itemLastModifiedDate":"2021-10-20T19:13:55.879+0000","itemLastModifiedByUser":null,"itemStatus":"AVAILABLE"}
    Forwarded URL = null
   Redirected URL = null
          Cookies = []

MockHttpServletRequest:
      HTTP Method = POST
      Request URI = /app/item
       Parameters = {}
          Headers = [Content-Type:"application/json;charset=UTF-8"]
             Body = {"itemName":"item1","itemEnteredByUser":"user1","itemBuyingPrice":50.0,"itemSellingPrice":55.0}
    Session Attrs = {}

Handler:
             Type = com.hackerrank.orm.controller.ItemController
           Method = com.hackerrank.orm.controller.ItemController#saveItem(Item)

Async:
    Async started = false
     Async result = null

Resolved Exception:
             Type = null

ModelAndView:
        View name = null
             View = null
            Model = null

FlashMap:
       Attributes = null

MockHttpServletResponse:
           Status = 201
    Error message = null
          Headers = [Content-Type:"application/json"]
     Content type = application/json
             Body = {"itemId":1,"itemName":"item1","itemEnteredByUser":"user1","itemEnteredDate":"2021-10-20T19:13:55.881+0000","itemBuyingPrice":50.0,"itemSellingPrice":55.0,"itemLastModifiedDate":"2021-10-20T19:13:55.879+0000","itemLastModifiedByUser":null,"itemStatus":"AVAILABLE"}
    Forwarded URL = null
   Redirected URL = null
          Cookies = []
]]></system-out>
  </testcase>
  <testcase name="testUpdate" classname="com.hackerrank.orm.SpringBootORMTests" time="1.48">
    <error message="class java.lang.Double cannot be cast to class java.lang.String (java.lang.Double and java.lang.String are in module java.base of loader &apos;bootstrap&apos;)" type="java.lang.ClassCastException">java.lang.ClassCastException: class java.lang.Double cannot be cast to class java.lang.String (java.lang.Double and java.lang.String are in module java.base of loader 'bootstrap')
	at com.hackerrank.orm.SpringBootORMTests.setup(SpringBootORMTests.java:62)
</error>
    <system-out><![CDATA[2021-10-20 15:13:55.899  INFO 23510 --- [           main] o.s.s.concurrent.ThreadPoolTaskExecutor  : Shutting down ExecutorService 'applicationTaskExecutor'
2021-10-20 15:13:55.900  INFO 23510 --- [           main] j.LocalContainerEntityManagerFactoryBean : Closing JPA EntityManagerFactory for persistence unit 'default'
2021-10-20 15:13:55.900  INFO 23510 --- [           main] .SchemaDropperImpl$DelayedDropActionImpl : HHH000477: Starting delayed evictData of schema as part of SessionFactory shut-down'
2021-10-20 15:13:55.901  INFO 23510 --- [           main] com.zaxxer.hikari.HikariDataSource       : HikariPool-8 - Shutdown initiated...
2021-10-20 15:13:55.904  INFO 23510 --- [           main] com.zaxxer.hikari.HikariDataSource       : HikariPool-8 - Shutdown completed.

  .   ____          _            __ _ _
 /\\ / ___'_ __ _ _(_)_ __  __ _ \ \ \ \
( ( )\___ | '_ | '_| | '_ \/ _` | \ \ \ \
 \\/  ___)| |_)| | | | | || (_| |  ) ) ) )
  '  |____| .__|_| |_|_| |_\__, | / / / /
 =========|_|==============|___/=/_/_/_/
 :: Spring Boot ::        (v2.2.1.RELEASE)

2021-10-20 15:13:55.943  INFO 23510 --- [           main] com.hackerrank.orm.SpringBootORMTests    : Starting SpringBootORMTests on Faizals-MacBook-Air.local with PID 23510 (started by faizal in /Users/faizal/Documents/OLD LAP/Documents/Workspace/hack-service)
2021-10-20 15:13:55.943  INFO 23510 --- [           main] com.hackerrank.orm.SpringBootORMTests    : No active profile set, falling back to default profiles: default
2021-10-20 15:13:56.229  INFO 23510 --- [           main] .s.d.r.c.RepositoryConfigurationDelegate : Bootstrapping Spring Data repositories in DEFAULT mode.
2021-10-20 15:13:56.245  INFO 23510 --- [           main] .s.d.r.c.RepositoryConfigurationDelegate : Finished Spring Data repository scanning in 15ms. Found 1 repository interfaces.
2021-10-20 15:13:56.345  INFO 23510 --- [           main] trationDelegate$BeanPostProcessorChecker : Bean 'org.springframework.transaction.annotation.ProxyTransactionManagementConfiguration' of type [org.springframework.transaction.annotation.ProxyTransactionManagementConfiguration] is not eligible for getting processed by all BeanPostProcessors (for example: not eligible for auto-proxying)
2021-10-20 15:13:56.398  INFO 23510 --- [           main] com.zaxxer.hikari.HikariDataSource       : HikariPool-9 - Starting...
2021-10-20 15:13:56.401  INFO 23510 --- [           main] com.zaxxer.hikari.HikariDataSource       : HikariPool-9 - Start completed.
2021-10-20 15:13:56.411  INFO 23510 --- [           main] o.hibernate.jpa.internal.util.LogHelper  : HHH000204: Processing PersistenceUnitInfo [name: default]
2021-10-20 15:13:56.418  INFO 23510 --- [           main] org.hibernate.dialect.Dialect            : HHH000400: Using dialect: org.hibernate.dialect.H2Dialect
2021-10-20 15:13:56.554  INFO 23510 --- [           main] o.h.e.t.j.p.i.JtaPlatformInitiator       : HHH000490: Using JtaPlatform implementation: [org.hibernate.engine.transaction.jta.platform.internal.NoJtaPlatform]
2021-10-20 15:13:56.554  INFO 23510 --- [           main] j.LocalContainerEntityManagerFactoryBean : Initialized JPA EntityManagerFactory for persistence unit 'default'
2021-10-20 15:13:56.576  WARN 23510 --- [           main] JpaBaseConfiguration$JpaWebConfiguration : spring.jpa.open-in-view is enabled by default. Therefore, database queries may be performed during view rendering. Explicitly configure spring.jpa.open-in-view to disable this warning
2021-10-20 15:13:56.716  INFO 23510 --- [           main] .s.s.UserDetailsServiceAutoConfiguration : 

Using generated security password: 03189c75-bff9-4f0a-bad2-bd401cc002db

2021-10-20 15:13:56.768  INFO 23510 --- [           main] o.s.s.web.DefaultSecurityFilterChain     : Creating filter chain: org.springframework.boot.actuate.autoconfigure.security.servlet.EndpointRequest$EndpointRequestMatcher@402cdf60, [org.springframework.security.web.context.request.async.WebAsyncManagerIntegrationFilter@42a4b97, org.springframework.security.web.context.SecurityContextPersistenceFilter@441fd20d, org.springframework.security.web.header.HeaderWriterFilter@164523f, org.springframework.security.web.csrf.CsrfFilter@6a937d6f, org.springframework.security.web.authentication.logout.LogoutFilter@687d4471, org.springframework.security.web.savedrequest.RequestCacheAwareFilter@7146e9a4, org.springframework.security.web.servletapi.SecurityContextHolderAwareRequestFilter@5290b819, org.springframework.security.web.authentication.AnonymousAuthenticationFilter@79d15b02, org.springframework.security.web.session.SessionManagementFilter@3596a9d5, org.springframework.security.web.access.ExceptionTranslationFilter@2ad3e7e5, org.springframework.security.web.access.intercept.FilterSecurityInterceptor@6aee292d]
2021-10-20 15:13:56.925  INFO 23510 --- [           main] o.s.s.concurrent.ThreadPoolTaskExecutor  : Initializing ExecutorService 'applicationTaskExecutor'
2021-10-20 15:13:57.219  INFO 23510 --- [           main] o.s.b.t.m.w.SpringBootMockServletContext : Initializing Spring TestDispatcherServlet ''
2021-10-20 15:13:57.220  INFO 23510 --- [           main] o.s.t.web.servlet.TestDispatcherServlet  : Initializing Servlet ''
2021-10-20 15:13:57.226  INFO 23510 --- [           main] o.s.b.a.e.web.EndpointLinksResolver      : Exposing 2 endpoint(s) beneath base path '/actuator'
2021-10-20 15:13:57.252  INFO 23510 --- [           main] o.s.t.web.servlet.TestDispatcherServlet  : Completed initialization in 32 ms
2021-10-20 15:13:57.273  INFO 23510 --- [           main] com.hackerrank.orm.SpringBootORMTests    : Started SpringBootORMTests in 1.364 seconds (JVM running for 30.26)

MockHttpServletRequest:
      HTTP Method = POST
      Request URI = /app/item
       Parameters = {}
          Headers = [Content-Type:"application/json;charset=UTF-8"]
             Body = {"itemName":"item1","itemEnteredByUser":"user1","itemBuyingPrice":50.0,"itemSellingPrice":55.0}
    Session Attrs = {}

Handler:
             Type = com.hackerrank.orm.controller.ItemController
           Method = com.hackerrank.orm.controller.ItemController#saveItem(Item)

Async:
    Async started = false
     Async result = null

Resolved Exception:
             Type = null

ModelAndView:
        View name = null
             View = null
            Model = null

FlashMap:
       Attributes = null

MockHttpServletResponse:
           Status = 201
    Error message = null
          Headers = [Content-Type:"application/json"]
     Content type = application/json
             Body = {"itemId":1,"itemName":"item1","itemEnteredByUser":"user1","itemEnteredDate":"2021-10-20T19:13:57.340+0000","itemBuyingPrice":50.0,"itemSellingPrice":55.0,"itemLastModifiedDate":"2021-10-20T19:13:57.322+0000","itemLastModifiedByUser":null,"itemStatus":"AVAILABLE"}
    Forwarded URL = null
   Redirected URL = null
          Cookies = []

MockHttpServletRequest:
      HTTP Method = POST
      Request URI = /app/item
       Parameters = {}
          Headers = [Content-Type:"application/json;charset=UTF-8"]
             Body = {"itemName":"item1","itemEnteredByUser":"user1","itemBuyingPrice":50.0,"itemSellingPrice":55.0}
    Session Attrs = {}

Handler:
             Type = com.hackerrank.orm.controller.ItemController
           Method = com.hackerrank.orm.controller.ItemController#saveItem(Item)

Async:
    Async started = false
     Async result = null

Resolved Exception:
             Type = null

ModelAndView:
        View name = null
             View = null
            Model = null

FlashMap:
       Attributes = null

MockHttpServletResponse:
           Status = 201
    Error message = null
          Headers = [Content-Type:"application/json"]
     Content type = application/json
             Body = {"itemId":1,"itemName":"item1","itemEnteredByUser":"user1","itemEnteredDate":"2021-10-20T19:13:57.340+0000","itemBuyingPrice":50.0,"itemSellingPrice":55.0,"itemLastModifiedDate":"2021-10-20T19:13:57.322+0000","itemLastModifiedByUser":null,"itemStatus":"AVAILABLE"}
    Forwarded URL = null
   Redirected URL = null
          Cookies = []
]]></system-out>
  </testcase>
</testsuite>